\BOOKMARK [0][-]{Doc-Start}{\376\377\000P\000a\000g\000e\000\040\000d\000e\000\040\000g\000a\000r\000d\000e}{}% 1
\BOOKMARK [0][-]{chapter.1}{\376\377\000I\000n\000t\000r\000o\000d\000u\000c\000t\000i\000o\000n}{}% 2
\BOOKMARK [1][-]{section.1.1}{\376\377\000C\000o\000n\000t\000e\000x\000t\000e}{chapter.1}% 3
\BOOKMARK [1][-]{section.1.2}{\376\377\000O\000b\000j\000e\000c\000t\000i\000f\000\040\000d\000u\000\040\000r\000a\000p\000p\000o\000r\000t}{chapter.1}% 4
\BOOKMARK [1][-]{section.1.3}{\376\377\000M\000\351\000t\000h\000o\000d\000e\000\040\000e\000n\000\040\000s\000p\000i\000r\000a\000l\000e}{chapter.1}% 5
\BOOKMARK [0][-]{chapter.2}{\376\377\000S\000y\000n\000t\000h\000\350\000s\000e\000\040\000c\000y\000c\000l\000e\000s\000\040\000p\000r\000\351\000c\000\351\000d\000e\000n\000t\000s}{}% 6
\BOOKMARK [1][-]{section.2.1}{\376\377\000C\000y\000c\000l\000e\000\040\0001\000\040\000:\000\040\000c\000h\000o\000i\000x\000\040\000d\000e\000\040\000l\000a\000\040\000p\000i\000s\000t\000e}{chapter.2}% 7
\BOOKMARK [1][-]{section.2.2}{\376\377\000C\000y\000c\000l\000e\000\040\0002\000\040\000:\000\040\000p\000r\000o\000t\000o\000t\000y\000p\000e\000\040\000v\000a\000l\000i\000d\000\351}{chapter.2}% 8
\BOOKMARK [1][-]{section.2.3}{\376\377\000T\000r\000a\000n\000s\000i\000t\000i\000o\000n\000\040\000v\000e\000r\000s\000\040\000l\000e\000\040\000c\000y\000c\000l\000e\000\040\0003}{chapter.2}% 9
\BOOKMARK [0][-]{chapter.3}{\376\377\000C\000y\000c\000l\000e\000\040\0003\000\040\000:\000\040\000o\000b\000j\000e\000c\000t\000i\000f\000s\000\040\000e\000t\000\040\000p\000\351\000r\000i\000m\000\350\000t\000r\000e\000\040\000f\000i\000n\000a\000l}{}% 10
\BOOKMARK [1][-]{section.3.1}{\376\377\000O\000b\000j\000e\000c\000t\000i\000f\000s\000\040\000d\000u\000\040\000c\000y\000c\000l\000e\000\040\0003}{chapter.3}% 11
\BOOKMARK [1][-]{section.3.2}{\376\377\000F\000o\000n\000c\000t\000i\000o\000n\000n\000a\000l\000i\000t\000\351\000s\000\040\000v\000i\000s\000\351\000e\000s\000\040\000e\000n\000\040\000v\000e\000r\000s\000i\000o\000n\000\040\000f\000i\000n\000a\000l\000e}{chapter.3}% 12
\BOOKMARK [1][-]{section.3.3}{\376\377\000C\000r\000i\000t\000\350\000r\000e\000s\000\040\000d\000e\000\040\000r\000\351\000u\000s\000s\000i\000t\000e}{chapter.3}% 13
\BOOKMARK [0][-]{chapter.4}{\376\377\000D\000\351\000m\000a\000r\000c\000h\000e\000\040\000e\000t\000\040\000r\000\351\000p\000a\000r\000t\000i\000t\000i\000o\000n\000\040\000d\000e\000s\000\040\000t\000\342\000c\000h\000e\000s}{}% 14
\BOOKMARK [1][-]{section.4.1}{\376\377\000M\000\351\000t\000h\000o\000d\000o\000l\000o\000g\000i\000e\000\040\000a\000p\000p\000l\000i\000q\000u\000\351\000e}{chapter.4}% 15
\BOOKMARK [1][-]{section.4.2}{\376\377\000R\000\351\000p\000a\000r\000t\000i\000t\000i\000o\000n\000\040\000d\000e\000s\000\040\000r\000\364\000l\000e\000s}{chapter.4}% 16
\BOOKMARK [1][-]{section.4.3}{\376\377\000R\000\351\000p\000a\000r\000t\000i\000t\000i\000o\000n\000\040\000d\000\351\000t\000a\000i\000l\000l\000\351\000e\000\040\000d\000e\000s\000\040\000t\000\342\000c\000h\000e\000s\000\040\000p\000a\000r\000\040\000c\000y\000c\000l\000e}{chapter.4}% 17
\BOOKMARK [2][-]{subsection.4.3.1}{\376\377\000C\000y\000c\000l\000e\000\040\0001\000\040\040\024\000\040\000E\000x\000p\000l\000o\000r\000a\000t\000i\000o\000n\000\040\000e\000t\000\040\000c\000h\000o\000i\000x\000\040\000d\000e\000\040\000p\000i\000s\000t\000e}{section.4.3}% 18
\BOOKMARK [2][-]{subsection.4.3.2}{\376\377\000C\000y\000c\000l\000e\000\040\0002\000\040\040\024\000\040\000P\000r\000o\000t\000o\000t\000y\000p\000e}{section.4.3}% 19
\BOOKMARK [2][-]{subsection.4.3.3}{\376\377\000C\000y\000c\000l\000e\000\040\0003\000\040\040\024\000\040\000V\000e\000r\000s\000i\000o\000n\000\040\000f\000i\000n\000a\000l\000e}{section.4.3}% 20
\BOOKMARK [2][-]{subsection.4.3.4}{\376\377\000T\000r\000a\000v\000a\000i\000l\000\040\000c\000o\000l\000l\000e\000c\000t\000i\000f}{section.4.3}% 21
\BOOKMARK [0][-]{chapter.5}{\376\377\000C\000o\000n\000t\000r\000i\000b\000u\000t\000i\000o\000n\000s\000\040\000i\000n\000d\000i\000v\000i\000d\000u\000e\000l\000l\000e\000s\000\040\000d\000\351\000t\000a\000i\000l\000l\000\351\000e\000s}{}% 22
\BOOKMARK [1][-]{section.5.1}{\376\377\000M\000e\000m\000b\000r\000e\000\040\0001\000\040\040\023\000\040\000T\000a\000l\000e\000b\000\040\000L\000a\000m\000i\000a}{chapter.5}% 23
\BOOKMARK [2][-]{subsection.5.1.1}{\376\377\000R\000i\000s\000q\000u\000e\000s\000\040\000r\000e\000n\000c\000o\000n\000t\000r\000\351\000s}{section.5.1}% 24
\BOOKMARK [2][-]{subsection.5.1.2}{\376\377\000I\000m\000p\000l\000\351\000m\000e\000n\000t\000a\000t\000i\000o\000n\000\040\000d\000\351\000t\000a\000i\000l\000l\000\351\000e}{section.5.1}% 25
\BOOKMARK [2][-]{subsection.5.1.3}{\376\377\000D\000i\000f\000f\000i\000c\000u\000l\000t\000\351\000s\000\040\000/\000\040\000s\000o\000l\000u\000t\000i\000o\000n\000s}{section.5.1}% 26
\BOOKMARK [2][-]{subsection.5.1.4}{\376\377\000S\000t\000a\000t\000u\000t}{section.5.1}% 27
\BOOKMARK [2][-]{subsection.5.1.5}{\376\377\000C\000a\000p\000t\000u\000r\000e\000s\000\040\000d\000'\000\351\000c\000r\000a\000n\000\040\000a\000s\000s\000o\000c\000i\000\351\000e\000s}{section.5.1}% 28
\BOOKMARK [1][-]{section.5.2}{\376\377\000M\000e\000m\000b\000r\000e\000\040\0002\000\040\040\023\000\040\000T\000a\000k\000d\000j\000e\000r\000a\000d\000\040\000M\000e\000r\000i\000e\000m}{chapter.5}% 29
\BOOKMARK [2][-]{subsection.5.2.1}{\376\377\000R\000i\000s\000q\000u\000e\000s\000\040\000r\000e\000n\000c\000o\000n\000t\000r\000\351\000s}{section.5.2}% 30
\BOOKMARK [2][-]{subsection.5.2.2}{\376\377\000I\000m\000p\000l\000\351\000m\000e\000n\000t\000a\000t\000i\000o\000n\000\040\000d\000\351\000t\000a\000i\000l\000l\000\351\000e}{section.5.2}% 31
\BOOKMARK [2][-]{subsection.5.2.3}{\376\377\000D\000i\000f\000f\000i\000c\000u\000l\000t\000\351\000s\000\040\000/\000\040\000s\000o\000l\000u\000t\000i\000o\000n\000s}{section.5.2}% 32
\BOOKMARK [2][-]{subsection.5.2.4}{\376\377\000S\000t\000a\000t\000u\000t}{section.5.2}% 33
\BOOKMARK [2][-]{subsection.5.2.5}{\376\377\000C\000a\000p\000t\000u\000r\000e\000s\000\040\000d\000'\000\351\000c\000r\000a\000n\000\040\000a\000s\000s\000o\000c\000i\000\351\000e\000s}{section.5.2}% 34
\BOOKMARK [1][-]{section.5.3}{\376\377\000M\000e\000m\000b\000r\000e\000\040\0003\000\040\040\023\000\040\000T\000a\000l\000e\000b\000\040\000W\000i\000s\000s\000a\000m\000e}{chapter.5}% 35
\BOOKMARK [2][-]{subsection.5.3.1}{\376\377\000R\000i\000s\000q\000u\000e\000s\000\040\000r\000e\000n\000c\000o\000n\000t\000r\000\351\000s}{section.5.3}% 36
\BOOKMARK [2][-]{subsection.5.3.2}{\376\377\000I\000m\000p\000l\000\351\000m\000e\000n\000t\000a\000t\000i\000o\000n\000\040\000d\000\351\000t\000a\000i\000l\000l\000\351\000e}{section.5.3}% 37
\BOOKMARK [2][-]{subsection.5.3.3}{\376\377\000D\000i\000f\000f\000i\000c\000u\000l\000t\000\351\000s\000\040\000/\000\040\000s\000o\000l\000u\000t\000i\000o\000n\000s}{section.5.3}% 38
\BOOKMARK [2][-]{subsection.5.3.4}{\376\377\000S\000t\000a\000t\000u\000t}{section.5.3}% 39
\BOOKMARK [2][-]{subsection.5.3.5}{\376\377\000C\000a\000p\000t\000u\000r\000e\000s\000\040\000d\000'\000\351\000c\000r\000a\000n\000\040\000a\000s\000s\000o\000c\000i\000\351\000e\000s}{section.5.3}% 40
\BOOKMARK [1][-]{section.5.4}{\376\377\000M\000e\000m\000b\000r\000e\000\040\0004\000\040\040\023\000\040\000M\000a\000l\000e\000k\000\040\000G\000h\000a\000b\000i}{chapter.5}% 41
\BOOKMARK [2][-]{subsection.5.4.1}{\376\377\000R\000i\000s\000q\000u\000e\000s\000\040\000r\000e\000n\000c\000o\000n\000t\000r\000\351\000s}{section.5.4}% 42
\BOOKMARK [2][-]{subsection.5.4.2}{\376\377\000I\000m\000p\000l\000\351\000m\000e\000n\000t\000a\000t\000i\000o\000n\000\040\000d\000\351\000t\000a\000i\000l\000l\000\351\000e}{section.5.4}% 43
\BOOKMARK [2][-]{subsection.5.4.3}{\376\377\000D\000i\000f\000f\000i\000c\000u\000l\000t\000\351\000s\000\040\000/\000\040\000s\000o\000l\000u\000t\000i\000o\000n\000s}{section.5.4}% 44
\BOOKMARK [2][-]{subsection.5.4.4}{\376\377\000S\000t\000a\000t\000u\000t}{section.5.4}% 45
\BOOKMARK [2][-]{subsection.5.4.5}{\376\377\000C\000a\000p\000t\000u\000r\000e\000s\000\040\000d\000'\000\351\000c\000r\000a\000n\000\040\000a\000s\000s\000o\000c\000i\000\351\000e\000s}{section.5.4}% 46
\BOOKMARK [1][-]{section.5.5}{\376\377\000M\000e\000m\000b\000r\000e\000\040\0005\000\040\040\023\000\040\000L\000a\000f\000t\000i\000m\000i\000\040\000Y\000a\000n\000i\000s}{chapter.5}% 47
\BOOKMARK [2][-]{subsection.5.5.1}{\376\377\000R\000i\000s\000q\000u\000e\000s\000\040\000r\000e\000n\000c\000o\000n\000t\000r\000\351\000s}{section.5.5}% 48
\BOOKMARK [2][-]{subsection.5.5.2}{\376\377\000I\000m\000p\000l\000\351\000m\000e\000n\000t\000a\000t\000i\000o\000n\000\040\000d\000\351\000t\000a\000i\000l\000l\000\351\000e}{section.5.5}% 49
\BOOKMARK [2][-]{subsection.5.5.3}{\376\377\000D\000i\000f\000f\000i\000c\000u\000l\000t\000\351\000s\000\040\000/\000\040\000s\000o\000l\000u\000t\000i\000o\000n\000s}{section.5.5}% 50
\BOOKMARK [2][-]{subsection.5.5.4}{\376\377\000S\000t\000a\000t\000u\000t}{section.5.5}% 51
\BOOKMARK [2][-]{subsection.5.5.5}{\376\377\000C\000a\000p\000t\000u\000r\000e\000s\000\040\000d\000'\000\351\000c\000r\000a\000n\000\040\000a\000s\000s\000o\000c\000i\000\351\000e\000s}{section.5.5}% 52
\BOOKMARK [0][-]{chapter.6}{\376\377\000T\000e\000s\000t\000s\000\040\000e\000t\000\040\000v\000a\000l\000i\000d\000a\000t\000i\000o\000n}{}% 53
\BOOKMARK [1][-]{section.6.1}{\376\377\000S\000t\000r\000a\000t\000\351\000g\000i\000e\000\040\000d\000e\000\040\000t\000e\000s\000t}{chapter.6}% 54
\BOOKMARK [1][-]{section.6.2}{\376\377\000S\000c\000\351\000n\000a\000r\000i\000o\000s\000\040\000t\000e\000s\000t\000\351\000s}{chapter.6}% 55
\BOOKMARK [1][-]{section.6.3}{\376\377\000M\000a\000t\000r\000i\000c\000e\000\040\000d\000e\000\040\000t\000r\000a\000\347\000a\000b\000i\000l\000i\000t\000\351}{chapter.6}% 56
\BOOKMARK [1][-]{section.6.4}{\376\377\000C\000o\000r\000r\000e\000c\000t\000i\000o\000n\000s\000\040\000a\000p\000p\000o\000r\000t\000\351\000e\000s}{chapter.6}% 57
\BOOKMARK [0][-]{chapter.7}{\376\377\000S\000y\000n\000t\000h\000\350\000s\000e\000\040\000g\000l\000o\000b\000a\000l\000e\000\040\000d\000u\000\040\000c\000y\000c\000l\000e\000\040\0003}{}% 58
\BOOKMARK [1][-]{section.7.1}{\376\377\000R\000i\000s\000q\000u\000e\000s\000\040\000g\000l\000o\000b\000a\000u\000x\000\040\000t\000r\000a\000i\000t\000\351\000s}{chapter.7}% 59
\BOOKMARK [1][-]{section.7.2}{\376\377\000F\000o\000n\000c\000t\000i\000o\000n\000n\000a\000l\000i\000t\000\351\000s\000\040\000f\000i\000n\000a\000l\000i\000s\000\351\000e\000s\000\040\000/\000\040\000p\000a\000r\000t\000i\000e\000l\000l\000e\000s\000\040\000/\000\040\000r\000e\000p\000o\000r\000t\000\351\000e\000s}{chapter.7}% 60
\BOOKMARK [1][-]{section.7.3}{\376\377\000C\000o\000h\000\351\000r\000e\000n\000c\000e\000\040\000f\000i\000n\000a\000l\000e\000\040\000d\000u\000\040\000p\000r\000o\000d\000u\000i\000t}{chapter.7}% 61
\BOOKMARK [0][-]{chapter.8}{\376\377\000C\000o\000n\000c\000l\000u\000s\000i\000o\000n\000\040\000g\000\351\000n\000\351\000r\000a\000l\000e}{}% 62
\BOOKMARK [0][-]{appendix.A}{\376\377\000A\000n\000n\000e\000x\000e\000s}{}% 63
\BOOKMARK [1][-]{section.A.1}{\376\377\000A\000.\0001\000\040\000P\000l\000a\000n\000i\000f\000i\000c\000a\000t\000i\000o\000n\000\040\000c\000h\000r\000o\000n\000o\000l\000o\000g\000i\000q\000u\000e\000\040\000d\000'\000o\000r\000d\000o\000n\000n\000a\000n\000c\000e\000m\000e\000n\000t\000\040\000\050\000G\000a\000n\000t\000t\000\040\000F\000i\000n\000a\000l\000\051}{appendix.A}% 64
\BOOKMARK [1][-]{section.A.2}{\376\377\000A\000.\0002\000\040\000S\000u\000i\000v\000i\000\040\000d\000\351\000t\000a\000i\000l\000l\000\351\000\040\000d\000e\000s\000\040\000t\000\342\000c\000h\000e\000s}{appendix.A}% 65
