\BOOKMARK [0][-]{chapter.1}{\376\377\000I\000n\000t\000r\000o\000d\000u\000c\000t\000i\000o\000n}{}% 1
\BOOKMARK [0][-]{chapter.2}{\376\377\000S\0005\000\040\040\023\000\040\000M\000\351\000t\000h\000o\000d\000o\000l\000o\000g\000i\000e\000\040\000c\000a\000s\000c\000a\000d\000e\000\040\000o\000r\000i\000e\000n\000t\000\351\000e\000\040\000M\000V\000P}{}% 2
\BOOKMARK [1][-]{section.2.1}{\376\377\000P\000o\000u\000r\000q\000u\000o\000i\000\040\000l\000a\000\040\000c\000a\000s\000c\000a\000d\000e\000\040\000e\000n\000\040\000S\0005\000\040\000?}{chapter.2}% 3
\BOOKMARK [1][-]{section.2.2}{\376\377\000P\000r\000i\000n\000c\000i\000p\000e\000s\000\040\000e\000t\000\040\000o\000r\000g\000a\000n\000i\000s\000a\000t\000i\000o\000n}{chapter.2}% 4
\BOOKMARK [1][-]{section.2.3}{\376\377\000S\000t\000a\000c\000k\000\040\000t\000e\000c\000h\000n\000i\000q\000u\000e\000\040\000r\000e\000t\000e\000n\000u\000\040\000e\000t\000\040\000j\000u\000s\000t\000i\000f\000i\000c\000a\000t\000i\000o\000n\000\040\000d\000e\000s\000\040\000c\000h\000o\000i\000x}{chapter.2}% 5
\BOOKMARK [1][-]{section.2.4}{\376\377\000P\000\351\000r\000i\000m\000\350\000t\000r\000e\000\040\000f\000o\000n\000c\000t\000i\000o\000n\000n\000e\000l\000\040\000l\000i\000v\000r\000\351}{chapter.2}% 6
\BOOKMARK [1][-]{section.2.5}{\376\377\000P\000r\000o\000b\000l\000\350\000m\000e\000s\000\040\000r\000e\000n\000c\000o\000n\000t\000r\000\351\000s\000\040\000e\000t\000\040\000s\000o\000l\000u\000t\000i\000o\000n\000s\000\040\000a\000p\000p\000o\000r\000t\000\351\000e\000s}{chapter.2}% 7
\BOOKMARK [1][-]{section.2.6}{\376\377\000B\000i\000l\000a\000n\000\040\000d\000u\000\040\000S\0005}{chapter.2}% 8
\BOOKMARK [0][-]{chapter.3}{\376\377\000S\0006\000\040\040\023\000\040\000M\000\351\000t\000h\000o\000d\000e\000\040\000e\000n\000\040\000s\000p\000i\000r\000a\000l\000e}{}% 9
\BOOKMARK [1][-]{section.3.1}{\376\377\000P\000o\000u\000r\000q\000u\000o\000i\000\040\000l\000a\000\040\000s\000p\000i\000r\000a\000l\000e\000\040\000e\000n\000\040\000S\0006\000\040\000?}{chapter.3}% 10
\BOOKMARK [1][-]{section.3.2}{\376\377\000P\000r\000i\000n\000c\000i\000p\000e\000s\000\040\000d\000e\000\040\000l\000a\000\040\000m\000\351\000t\000h\000o\000d\000e\000\040\000e\000t\000\040\000a\000d\000a\000p\000t\000a\000t\000i\000o\000n\000\040\000a\000u\000\040\000p\000r\000o\000j\000e\000t}{chapter.3}% 11
\BOOKMARK [1][-]{section.3.3}{\376\377\000L\000e\000s\000\040\000t\000r\000o\000i\000s\000\040\000c\000y\000c\000l\000e\000s\000\040\000d\000u\000\040\000S\0006}{chapter.3}% 12
\BOOKMARK [2][-]{subsection.3.3.1}{\376\377\000C\000y\000c\000l\000e\000\040\0001\000\040\040\023\000\040\000E\000x\000p\000l\000o\000r\000a\000t\000i\000o\000n\000\040\000s\000t\000r\000a\000t\000\351\000g\000i\000q\000u\000e}{section.3.3}% 13
\BOOKMARK [2][-]{subsection.3.3.2}{\376\377\000C\000y\000c\000l\000e\000\040\0002\000\040\040\023\000\040\000P\000r\000o\000t\000o\000t\000y\000p\000e\000\040\000e\000t\000\040\000v\000a\000l\000i\000d\000a\000t\000i\000o\000n\000\040\000t\000e\000c\000h\000n\000i\000q\000u\000e}{section.3.3}% 14
\BOOKMARK [2][-]{subsection.3.3.3}{\376\377\000C\000y\000c\000l\000e\000\040\0003\000\040\040\023\000\040\000F\000i\000n\000a\000l\000i\000s\000a\000t\000i\000o\000n\000\040\000e\000t\000\040\000s\000t\000a\000b\000i\000l\000i\000s\000a\000t\000i\000o\000n}{section.3.3}% 15
\BOOKMARK [0][-]{chapter.4}{\376\377\000C\000o\000m\000p\000a\000r\000a\000i\000s\000o\000n\000\040\000d\000e\000s\000\040\000d\000e\000u\000x\000\040\000a\000p\000p\000r\000o\000c\000h\000e\000s}{}% 16
\BOOKMARK [1][-]{section.4.1}{\376\377\000T\000a\000b\000l\000e\000a\000u\000\040\000s\000y\000n\000t\000h\000\351\000t\000i\000q\000u\000e}{chapter.4}% 17
\BOOKMARK [1][-]{section.4.2}{\376\377\000C\000e\000\040\000q\000u\000e\000\040\000l\000a\000\040\000s\000p\000i\000r\000a\000l\000e\000\040\000a\000\040\000c\000h\000a\000n\000g\000\351\000\040\000c\000o\000n\000c\000r\000\350\000t\000e\000m\000e\000n\000t}{chapter.4}% 18
\BOOKMARK [2][-]{subsection.4.2.1}{\376\377\000L\000e\000\040\000r\000i\000s\000q\000u\000e\000\040\000c\000o\000m\000m\000e\000\040\000c\000r\000i\000t\000\350\000r\000e\000\040\000d\000e\000\040\000p\000r\000i\000o\000r\000i\000s\000a\000t\000i\000o\000n}{section.4.2}% 19
\BOOKMARK [2][-]{subsection.4.2.2}{\376\377\000D\000e\000s\000\040\000c\000y\000c\000l\000e\000s\000\040\000c\000o\000m\000m\000e\000\040\000p\000o\000i\000n\000t\000s\000\040\000d\000e\000\040\000d\000\351\000c\000i\000s\000i\000o\000n\000\040\000f\000o\000r\000m\000e\000l\000s}{section.4.2}% 20
\BOOKMARK [2][-]{subsection.4.2.3}{\376\377\000U\000n\000e\000\040\000r\000\351\000p\000a\000r\000t\000i\000t\000i\000o\000n\000\040\000a\000r\000t\000i\000c\000u\000l\000\351\000e\000\040\000a\000u\000t\000o\000u\000r\000\040\000d\000e\000s\000\040\000r\000i\000s\000q\000u\000e\000s}{section.4.2}% 21
\BOOKMARK [2][-]{subsection.4.2.4}{\376\377\000U\000n\000e\000\040\000s\000t\000a\000b\000i\000l\000i\000t\000\351\000\040\000o\000b\000t\000e\000n\000u\000e\000,\000\040\000p\000a\000s\000\040\000j\000u\000s\000t\000e\000\040\000e\000s\000p\000\351\000r\000\351\000e}{section.4.2}% 22
\BOOKMARK [0][-]{chapter.5}{\376\377\000P\000r\000i\000s\000e\000\040\000d\000e\000\040\000r\000e\000c\000u\000l\000\040\000c\000r\000i\000t\000i\000q\000u\000e}{}% 23
\BOOKMARK [1][-]{section.5.1}{\376\377\000L\000e\000s\000\040\000l\000i\000m\000i\000t\000e\000s\000\040\000d\000e\000\040\000l\000a\000\040\000m\000\351\000t\000h\000o\000d\000e\000\040\000e\000n\000\040\000s\000p\000i\000r\000a\000l\000e\000\040\000d\000a\000n\000s\000\040\000n\000o\000t\000r\000e\000\040\000c\000o\000n\000t\000e\000x\000t\000e}{chapter.5}% 24
\BOOKMARK [1][-]{section.5.2}{\376\377\000C\000e\000\040\000q\000u\000e\000\040\000l\000e\000\040\000M\000V\000P\000\040\000a\000\040\000a\000p\000p\000o\000r\000t\000\351\000\040\000q\000u\000e\000\040\000l\000a\000\040\000s\000p\000i\000r\000a\000l\000e\000\040\000s\000e\000u\000l\000e\000\040\000n\000'\000a\000u\000r\000a\000i\000t\000\040\000p\000a\000s\000\040\000d\000o\000n\000n\000\351}{chapter.5}% 25
\BOOKMARK [1][-]{section.5.3}{\376\377\000U\000n\000\040\000e\000x\000e\000m\000p\000l\000e\000\040\000t\000e\000c\000h\000n\000i\000q\000u\000e\000\040\000i\000l\000l\000u\000s\000t\000r\000a\000n\000t\000\040\000l\000a\000\040\000c\000o\000m\000p\000l\000\351\000m\000e\000n\000t\000a\000r\000i\000t\000\351}{chapter.5}% 26
\BOOKMARK [1][-]{section.5.4}{\376\377\000C\000e\000\040\000q\000u\000e\000\040\000n\000o\000u\000s\000\040\000a\000u\000r\000i\000o\000n\000s\000\040\000f\000a\000i\000t\000\040\000d\000i\000f\000f\000\351\000r\000e\000m\000m\000e\000n\000t}{chapter.5}% 27
\BOOKMARK [0][-]{chapter.6}{\376\377\000C\000o\000n\000c\000l\000u\000s\000i\000o\000n}{}% 28
